<?xml version="1.0" encoding="UTF-8"?>
<testsuite xmlns:xsi="http://www.w3.org/2001/XMLSchema-instance" xsi:noNamespaceSchemaLocation="https://maven.apache.org/surefire/maven-surefire-plugin/xsd/surefire-test-report.xsd" name="com.jpabook.jpashop.MemberServiceTest" time="3.336" tests="1" errors="0" skipped="0" failures="1">
  <properties>
[...]
</properties>
  <testcase name="회원가입" classname="com.jpabook.jpashop.MemberServiceTest" time="0.3">
    <failure message="expected: &lt;Member(id=1, name=kim, address=null, orders=[])&gt; but was: &lt;com.jpabook.jpashop.domain.Member@70c99e13&gt;" type="org.opentest4j.AssertionFailedError"><![CDATA[org.opentest4j.AssertionFailedError: expected: <Member(id=1, name=kim, address=null, orders=[])> but was: <com.jpabook.jpashop.domain.Member@70c99e13>
	at com.jpabook.jpashop.MemberServiceTest.회원가입(MemberServiceTest.java:46)
]]></failure>
    <system-out><![CDATA[
  .   ____          _            __ _ _
 /\\ / ___'_ __ _ _(_)_ __  __ _ \ \ \ \
( ( )\___ | '_ | '_| | '_ \/ _` | \ \ \ \
 \\/  ___)| |_)| | | | | || (_| |  ) ) ) )
  '  |____| .__|_| |_|_| |_\__, | / / / /
 =========|_|==============|___/=/_/_/_/
 :: Spring Boot ::        (v2.3.6.RELEASE)

2020-12-05 15:41:03.587  INFO 1560 --- [           main] c.j.j.MemberServiceTest                  : Starting MemberServiceTest on DESKTOP-8UTUNDJ with PID 1560 (started by mrrie in c:\Users\mrrie\Desktop\git\learningJPAHibernate\ch11_example_spring_app\jpashop)
2020-12-05 15:41:03.596  INFO 1560 --- [           main] c.j.j.MemberServiceTest                  : No active profile set, falling back to default profiles: default
2020-12-05 15:41:04.262  INFO 1560 --- [           main] trationDelegate$BeanPostProcessorChecker : Bean 'persistenceJPAConfig' of type [com.jpabook.jpashop.PersistenceJPAConfig$$EnhancerBySpringCGLIB$$aafbe95d] is not eligible for getting processed by all BeanPostProcessors (for example: not eligible for auto-proxying)
2020-12-05 15:41:04.289  INFO 1560 --- [           main] c.j.j.PersistenceJPAConfig               : 엔티티매니저 팩토리 생성
2020-12-05 15:41:04.293  INFO 1560 --- [           main] c.j.j.PersistenceJPAConfig               : 히카리 데이터소스 생성
2020-12-05 15:41:04.432  INFO 1560 --- [           main] o.h.j.i.u.LogHelper                      : HHH000204: Processing PersistenceUnitInfo [name: default]
2020-12-05 15:41:04.490  INFO 1560 --- [           main] o.h.Version                              : HHH000412: Hibernate ORM core version 5.4.23.Final
2020-12-05 15:41:04.616  INFO 1560 --- [           main] o.h.a.c.Version                          : HCANN000001: Hibernate Commons Annotations {5.1.2.Final}
2020-12-05 15:41:04.805  INFO 1560 --- [           main] c.z.h.HikariDataSource                   : HikariPool-1 - Starting...
2020-12-05 15:41:05.108  INFO 1560 --- [           main] c.z.h.HikariDataSource                   : HikariPool-1 - Start completed.
2020-12-05 15:41:05.124  INFO 1560 --- [           main] o.h.d.Dialect                            : HHH000400: Using dialect: org.hibernate.dialect.MySQL8Dialect
2020-12-05 15:41:05.833  INFO 1560 --- [           main] o.h.e.t.j.p.i.JtaPlatformInitiator       : HHH000490: Using JtaPlatform implementation: [org.hibernate.engine.transaction.jta.platform.internal.NoJtaPlatform]
2020-12-05 15:41:05.840  INFO 1560 --- [           main] j.LocalContainerEntityManagerFactoryBean : Initialized JPA EntityManagerFactory for persistence unit 'default'
2020-12-05 15:41:06.022  INFO 1560 --- [           main] c.j.j.MvcConfig                          : 뷰 리졸버 생성
2020-12-05 15:41:06.043  INFO 1560 --- [           main] c.j.j.PersistenceJPAConfig               : 트랜잭션 매니저 생성
2020-12-05 15:41:06.322  INFO 1560 --- [           main] c.j.j.MemberServiceTest                  : Started MemberServiceTest in 3.0 seconds (JVM running for 3.97)
]]></system-out>
    <system-err><![CDATA[Loading class `com.mysql.jdbc.Driver'. This is deprecated. The new driver class is `com.mysql.cj.jdbc.Driver'. The driver is automatically registered via the SPI and manual loading of the driver class is generally unnecessary.
]]></system-err>
  </testcase>
</testsuite>